[debug] [2021-11-20T11:22:27.088Z] ----------------------------------------------------------------------
[debug] [2021-11-20T11:22:27.090Z] Command:       C:\Program Files (x86)\nodejs\node.exe C:\Users\Asus\AppData\Roaming\npm\node_modules\firebase-tools\lib\bin\firebase.js init
[debug] [2021-11-20T11:22:27.090Z] CLI Version:   9.11.0
[debug] [2021-11-20T11:22:27.090Z] Platform:      win32
[debug] [2021-11-20T11:22:27.090Z] Node Version:  v14.16.1
[debug] [2021-11-20T11:22:27.091Z] Time:          Sat Nov 20 2021 16:52:27 GMT+0530 (India Standard Time)
[debug] [2021-11-20T11:22:27.091Z] ----------------------------------------------------------------------
[debug] 
[debug] [2021-11-20T11:22:27.097Z] > command requires scopes: ["email","openid","https://www.googleapis.com/auth/cloudplatformprojects.readonly","https://www.googleapis.com/auth/firebase","https://www.googleapis.com/auth/cloud-platform"]
[debug] [2021-11-20T11:22:27.097Z] > authorizing via signed-in user (smyabnga@gmail.com)
[info] 
     ######## #### ########  ######## ########     ###     ######  ########
     ##        ##  ##     ## ##       ##     ##  ##   ##  ##       ##
     ######    ##  ########  ######   ########  #########  ######  ######
     ##        ##  ##    ##  ##       ##     ## ##     ##       ## ##
     ##       #### ##     ## ######## ########  ##     ##  ######  ########

You're about to initialize a Firebase project in this directory:

  C:\Users\Asus\airbnb-clone

[info] 
=== Project Setup
[info] 
[info] First, let's associate this project directory with a Firebase project.
[info] You can create multiple project aliases by running firebase use --add, 
[info] but for now we'll just set up a default project.
[info] 
[debug] [2021-11-20T11:23:24.489Z] > refreshing access token with scopes: []
[debug] [2021-11-20T11:23:24.490Z] >>> HTTP REQUEST POST https://www.googleapis.com/oauth2/v3/token  
 <request body omitted>
[debug] [2021-11-20T11:23:25.389Z] <<< HTTP RESPONSE 200 {"date":"Sat, 20 Nov 2021 11:23:24 GMT","pragma":"no-cache","expires":"Mon, 01 Jan 1990 00:00:00 GMT","cache-control":"no-cache, no-store, max-age=0, must-revalidate","content-type":"application/json; charset=utf-8","vary":"X-Origin, Referer, Origin,Accept-Encoding","server":"scaffolding on HTTPServer2","x-xss-protection":"0","x-frame-options":"SAMEORIGIN","x-content-type-options":"nosniff","alt-svc":"h3=\":443\"; ma=2592000,h3-29=\":443\"; ma=2592000,h3-Q050=\":443\"; ma=2592000,h3-Q046=\":443\"; ma=2592000,h3-Q043=\":443\"; ma=2592000,quic=\":443\"; ma=2592000; v=\"46,43\"","accept-ranges":"none","transfer-encoding":"chunked"}
[debug] [2021-11-20T11:23:25.407Z] >>> [apiv2][query] GET https://firebase.googleapis.com/v1beta1/projects pageSize=100
[debug] [2021-11-20T11:23:26.281Z] <<< [apiv2][status] GET https://firebase.googleapis.com/v1beta1/projects 200
[debug] [2021-11-20T11:23:26.281Z] <<< [apiv2][body] GET https://firebase.googleapis.com/v1beta1/projects [omitted]
[info] i  Using project airbnb-clone-ab590 (airbnb-clone) 
[info] 
=== Hosting Setup
[info] 
[info] Your public directory is the folder (relative to your project directory) that
[info] will contain Hosting assets to be uploaded with firebase deploy. If you
[info] have a build process for your assets, use your build's output directory.
[info] 
[debug] [2021-11-20T11:26:40.761Z] >>> [apiv2][query] GET https://www.gstatic.com/firebasejs/releases.json [none]
[debug] [2021-11-20T11:26:43.036Z] <<< [apiv2][status] GET https://www.gstatic.com/firebasejs/releases.json 200
[debug] [2021-11-20T11:26:43.036Z] <<< [apiv2][body] GET https://www.gstatic.com/firebasejs/releases.json {"current":{"version":"9.5.0","browserURL":"https://www.gstatic.com/firebasejs/9.5.0/firebase.js","packageURL":"https://www.gstatic.com/firebasejs/9.5.0/firebase.tgz"},"live":{"version":"9.5","browserURL":"https://www.gstatic.com/firebasejs/live/9.5/firebase.js","packageURL":"https://www.gstatic.com/firebasejs/live/9.5/firebase.tgz"},"components":{"analytics":"https://www.gstatic.com/firebasejs/9.5.0/firebase-analytics.js","app":"https://www.gstatic.com/firebasejs/9.5.0/firebase-app.js","app-check":"https://www.gstatic.com/firebasejs/9.5.0/firebase-app-check.js","auth":"https://www.gstatic.com/firebasejs/9.5.0/firebase-auth.js","auth/cordova":"https://www.gstatic.com/firebasejs/9.5.0/firebase-auth/cordova.js","auth/react-native":"https://www.gstatic.com/firebasejs/9.5.0/firebase-auth/react-native.js","functions":"https://www.gstatic.com/firebasejs/9.5.0/firebase-functions.js","firestore":"https://www.gstatic.com/firebasejs/9.5.0/firebase-firestore.js","firestore/lite":"https://www.gstatic.com/firebasejs/9.5.0/firebase-firestore/lite.js","storage":"https://www.gstatic.com/firebasejs/9.5.0/firebase-storage.js","performance":"https://www.gstatic.com/firebasejs/9.5.0/firebase-performance.js","remote-config":"https://www.gstatic.com/firebasejs/9.5.0/firebase-remote-config.js","messaging":"https://www.gstatic.com/firebasejs/9.5.0/firebase-messaging.js","messaging/sw":"https://www.gstatic.com/firebasejs/9.5.0/firebase-messaging/sw.js","database":"https://www.gstatic.com/firebasejs/9.5.0/firebase-database.js","firestore.memory":"https://www.gstatic.com/firebasejs/9.5.0/firebase-firestore.memory.js"}}
[info] +  Wrote build/index.html 
[info] 
[info] i  Detected a .git folder at C:\Users\Asus\airbnb-clone 
[info] i  Authorizing with GitHub to upload your service account to a GitHub repository's secrets store. 
[info] 
[info] Visit this URL on this device to log in:
[info] https://github.com/login/oauth/authorize?client_id=89cf50f02ac6aaed3484&state=530693608&redirect_uri=http%3A%2F%2Flocalhost%3A9005&scope=read%3Auser%20repo%20public_repo
[info] 
[info] Waiting for authentication...
[debug] [2021-11-20T11:27:12.898Z] >>> HTTP REQUEST POST https://github.com/login/oauth/access_token  
 {"client_id":"89cf50f02ac6aaed3484","client_secret":"3330d14abc895d9a74d5f17cd7a00711fa2c5bf0","code":"0f127dd16f83b7bf7f96","redirect_uri":"http://localhost:9005","state":"530693608"}
[debug] [2021-11-20T11:27:14.898Z] <<< HTTP RESPONSE 200 {"server":"GitHub.com","date":"Sat, 20 Nov 2021 11:27:13 GMT","content-type":"application/json; charset=utf-8","transfer-encoding":"chunked","vary":"X-PJAX, X-PJAX-Container, Accept-Encoding, Accept, X-Requested-With","permissions-policy":"interest-cohort=()","etag":"W/\"914f82ab5a06db503708322f59c38d4a\"","cache-control":"max-age=0, private, must-revalidate","strict-transport-security":"max-age=31536000; includeSubdomains; preload","x-frame-options":"deny","x-content-type-options":"nosniff","x-xss-protection":"0","referrer-policy":"origin-when-cross-origin, strict-origin-when-cross-origin","expect-ct":"max-age=2592000, report-uri=\"https://api.github.com/_private/browser/errors\"","content-security-policy":"default-src 'none'; base-uri 'self'; block-all-mixed-content; child-src github.com/assets-cdn/worker/ gist.github.com/assets-cdn/worker/; connect-src 'self' uploads.github.com objects-origin.githubusercontent.com www.githubstatus.com collector.githubapp.com api.github.com github-cloud.s3.amazonaws.com github-production-repository-file-5c1aeb.s3.amazonaws.com github-production-upload-manifest-file-7fdce7.s3.amazonaws.com github-production-user-asset-6210df.s3.amazonaws.com cdn.optimizely.com logx.optimizely.com/v1/events translator.github.com wss://alive.github.com; font-src github.githubassets.com; form-action 'self' github.com gist.github.com objects-origin.githubusercontent.com; frame-ancestors 'none'; frame-src render.githubusercontent.com viewscreen.githubusercontent.com notebooks.githubusercontent.com; img-src 'self' data: github.githubassets.com identicons.github.com collector.githubapp.com github-cloud.s3.amazonaws.com secured-user-images.githubusercontent.com/ *.githubusercontent.com; manifest-src 'self'; media-src github.com user-images.githubusercontent.com/; script-src github.githubassets.com; style-src 'unsafe-inline' github.githubassets.com; worker-src github.com/assets-cdn/worker/ gist.github.com/assets-cdn/worker/","x-github-request-id":"5533:2E33:2321E68:287AD82:6198DB90"}
[debug] [2021-11-20T11:27:14.905Z] >>> [apiv2][query] GET https://api.github.com/user [none]
[debug] [2021-11-20T11:27:17.288Z] <<< [apiv2][status] GET https://api.github.com/user 200
[debug] [2021-11-20T11:27:17.288Z] <<< [apiv2][body] GET https://api.github.com/user {"login":"SomyaBanga","id":85472342,"node_id":"MDQ6VXNlcjg1NDcyMzQy","avatar_url":"https://avatars.githubusercontent.com/u/85472342?v=4","gravatar_id":"","url":"https://api.github.com/users/SomyaBanga","html_url":"https://github.com/SomyaBanga","followers_url":"https://api.github.com/users/SomyaBanga/followers","following_url":"https://api.github.com/users/SomyaBanga/following{/other_user}","gists_url":"https://api.github.com/users/SomyaBanga/gists{/gist_id}","starred_url":"https://api.github.com/users/SomyaBanga/starred{/owner}{/repo}","subscriptions_url":"https://api.github.com/users/SomyaBanga/subscriptions","organizations_url":"https://api.github.com/users/SomyaBanga/orgs","repos_url":"https://api.github.com/users/SomyaBanga/repos","events_url":"https://api.github.com/users/SomyaBanga/events{/privacy}","received_events_url":"https://api.github.com/users/SomyaBanga/received_events","type":"User","site_admin":false,"name":"Somya Banga","company":null,"blog":"","location":null,"email":null,"hireable":null,"bio":null,"twitter_username":null,"public_repos":4,"public_gists":0,"followers":0,"following":0,"created_at":"2021-06-07T04:23:16Z","updated_at":"2021-11-20T11:27:06Z","private_gists":0,"total_private_repos":0,"owned_private_repos":0,"disk_usage":791,"collaborators":0,"two_factor_authentication":false,"plan":{"name":"free","space":976562499,"collaborators":0,"private_repos":10000}}
[info] 
[info] +  Success! Logged into GitHub as SomyaBanga 
[info] 
[debug] [2021-11-20T11:27:46.846Z] >>> [apiv2][query] GET https://api.github.com/repos/repository/actions/secrets/public-key type=owner
[debug] [2021-11-20T11:27:47.165Z] <<< [apiv2][status] GET https://api.github.com/repos/repository/actions/secrets/public-key 404
[debug] [2021-11-20T11:27:47.165Z] <<< [apiv2][body] GET https://api.github.com/repos/repository/actions/secrets/public-key {"message":"Not Found","documentation_url":"https://docs.github.com/rest"}
[debug] [2021-11-20T11:29:41.876Z] >>> [apiv2][query] GET https://api.github.com/repos/airbnb-clone/actions/secrets/public-key type=owner
[debug] [2021-11-20T11:29:42.276Z] <<< [apiv2][status] GET https://api.github.com/repos/airbnb-clone/actions/secrets/public-key 404
[debug] [2021-11-20T11:29:42.276Z] <<< [apiv2][body] GET https://api.github.com/repos/airbnb-clone/actions/secrets/public-key {"message":"Not Found","documentation_url":"https://docs.github.com/rest"}
[debug] [2021-11-20T11:31:10.338Z] >>> [apiv2][query] GET https://api.github.com/repos/Somya Banga/actions/secrets/public-key type=owner
[debug] [2021-11-20T11:31:10.665Z] <<< [apiv2][status] GET https://api.github.com/repos/Somya Banga/actions/secrets/public-key 404
[debug] [2021-11-20T11:31:10.665Z] <<< [apiv2][body] GET https://api.github.com/repos/Somya Banga/actions/secrets/public-key {"message":"Not Found","documentation_url":"https://docs.github.com/rest"}
[debug] [2021-11-20T11:31:37.676Z] >>> [apiv2][query] GET https://api.github.com/repos/SomyaBanga/actions/secrets/public-key type=owner
[debug] [2021-11-20T11:31:37.989Z] <<< [apiv2][status] GET https://api.github.com/repos/SomyaBanga/actions/secrets/public-key 404
[debug] [2021-11-20T11:31:37.989Z] <<< [apiv2][body] GET https://api.github.com/repos/SomyaBanga/actions/secrets/public-key {"message":"Not Found","documentation_url":"https://docs.github.com/rest"}
[debug] [2021-11-20T11:35:41.796Z] >>> [apiv2][query] GET https://api.github.com/repos/https://github.com/SomyaBanga/airbnb-clone.git/actions/secrets/public-key type=owner
[debug] [2021-11-20T11:35:42.183Z] <<< [apiv2][status] GET https://api.github.com/repos/https://github.com/SomyaBanga/airbnb-clone.git/actions/secrets/public-key 404
[debug] [2021-11-20T11:35:42.183Z] <<< [apiv2][body] GET https://api.github.com/repos/https://github.com/SomyaBanga/airbnb-clone.git/actions/secrets/public-key {"message":"Not Found","documentation_url":"https://docs.github.com/rest"}
